<?xml version="1.0" encoding="UTF-8"?>
<testng-results ignored="0" total="1" passed="1" failed="0" skipped="0">
  <reporter-output>
  </reporter-output>
  <suite started-at="2022-04-21T14:39:08 IST" name="Default suite" finished-at="2022-04-21T14:39:23 IST" duration-ms="15415">
    <groups>
    </groups>
    <test started-at="2022-04-21T14:39:08 IST" name="Default test" finished-at="2022-04-21T14:39:23 IST" duration-ms="15415">
      <class name="PakagesC6pro.TestngScriptMAVEN">
        <test-method is-config="true" signature="beforeClass()[pri:0, instance:PakagesC6pro.TestngScriptMAVEN@7c729a55]" started-at="2022-04-21T14:39:08 IST" name="beforeClass" finished-at="2022-04-21T14:39:08 IST" duration-ms="8" status="PASS">
          <reporter-output>
          </reporter-output>
        </test-method> <!-- beforeClass -->
        <test-method signature="firstMavenTestng()[pri:0, instance:PakagesC6pro.TestngScriptMAVEN@7c729a55]" started-at="2022-04-21T14:39:08 IST" name="firstMavenTestng" finished-at="2022-04-21T14:39:18 IST" duration-ms="9745" status="PASS">
          <reporter-output>
          </reporter-output>
        </test-method> <!-- firstMavenTestng -->
        <test-method is-config="true" signature="afterClass()[pri:0, instance:PakagesC6pro.TestngScriptMAVEN@7c729a55]" started-at="2022-04-21T14:39:18 IST" name="afterClass" finished-at="2022-04-21T14:39:23 IST" duration-ms="5618" status="PASS">
          <reporter-output>
          </reporter-output>
        </test-method> <!-- afterClass -->
      </class> <!-- PakagesC6pro.TestngScriptMAVEN -->
    </test> <!-- Default test -->
  </suite> <!-- Default suite -->
</testng-results>
